# JRE version: OpenJDK Runtime Environment (11.0.2+9) (build 11.0.2+9)
# Java VM: OpenJDK 64-Bit Server VM (11.0.2+9, mixed mode, tiered, compressed oops, g1 gc, windows-amd64)
Heap:
 garbage-first heap   total 343040K, used 142046K [0x00000000a8e00000, 0x0000000100000000)
  region size 1024K, 28 young (28672K), 5 survivors (5120K)
 Metaspace       used 75333K, capacity 78420K, committed 79612K, reserved 1118208K
  class space    used 9282K, capacity 10525K, committed 11008K, reserved 1048576K
GC Heap History (10 events):
Event: 3152.652 GC heap before
{Heap before GC invocations=271 (full 0):
 garbage-first heap   total 343040K, used 283580K [0x00000000a8e00000, 0x0000000100000000)
  region size 1024K, 169 young (173056K), 13 survivors (13312K)
 Metaspace       used 74683K, capacity 77636K, committed 78972K, reserved 1118208K
  class space    used 9208K, capacity 10418K, committed 10880K, reserved 1048576K
}
Event: 3152.672 GC heap after
{Heap after GC invocations=272 (full 0):
 garbage-first heap   total 343040K, used 118222K [0x00000000a8e00000, 0x0000000100000000)
  region size 1024K, 7 young (7168K), 7 survivors (7168K)
 Metaspace       used 74683K, capacity 77636K, committed 78972K, reserved 1118208K
  class space    used 9208K, capacity 10418K, committed 10880K, reserved 1048576K
}
Event: 3164.404 GC heap before
{Heap before GC invocations=272 (full 0):
 garbage-first heap   total 343040K, used 283086K [0x00000000a8e00000, 0x0000000100000000)
  region size 1024K, 169 young (173056K), 7 survivors (7168K)
 Metaspace       used 74700K, capacity 77703K, committed 78972K, reserved 1118208K
  class space    used 9208K, capacity 10418K, committed 10880K, reserved 1048576K
}
Event: 3164.433 GC heap after
{Heap after GC invocations=273 (full 0):
 garbage-first heap   total 343040K, used 120195K [0x00000000a8e00000, 0x0000000100000000)
  region size 1024K, 9 young (9216K), 9 survivors (9216K)
 Metaspace       used 74700K, capacity 77703K, committed 78972K, reserved 1118208K
  class space    used 9208K, capacity 10418K, committed 10880K, reserved 1048576K
}
Event: 3178.595 GC heap before
{Heap before GC invocations=273 (full 0):
 garbage-first heap   total 343040K, used 284035K [0x00000000a8e00000, 0x0000000100000000)
  region size 1024K, 169 young (173056K), 9 survivors (9216K)
 Metaspace       used 74714K, capacity 77767K, committed 78972K, reserved 1118208K
  class space    used 9208K, capacity 10418K, committed 10880K, reserved 1048576K
}
Event: 3178.633 GC heap after
{Heap after GC invocations=274 (full 0):
 garbage-first heap   total 343040K, used 121275K [0x00000000a8e00000, 0x0000000100000000)
  region size 1024K, 10 young (10240K), 10 survivors (10240K)
 Metaspace       used 74714K, capacity 77767K, committed 78972K, reserved 1118208K
  class space    used 9208K, capacity 10418K, committed 10880K, reserved 1048576K
}
Event: 3191.864 GC heap before
{Heap before GC invocations=274 (full 0):
 garbage-first heap   total 343040K, used 282043K [0x00000000a8e00000, 0x0000000100000000)
  region size 1024K, 167 young (171008K), 10 survivors (10240K)
 Metaspace       used 74804K, capacity 77858K, committed 79228K, reserved 1118208K
  class space    used 9212K, capacity 10424K, committed 10880K, reserved 1048576K
}
Event: 3191.898 GC heap after
{Heap after GC invocations=275 (full 0):
 garbage-first heap   total 343040K, used 124366K [0x00000000a8e00000, 0x0000000100000000)
  region size 1024K, 13 young (13312K), 13 survivors (13312K)
 Metaspace       used 74804K, capacity 77858K, committed 79228K, reserved 1118208K
  class space    used 9212K, capacity 10424K, committed 10880K, reserved 1048576K
}
Event: 9592.626 GC heap before
{Heap before GC invocations=275 (full 0):
 garbage-first heap   total 343040K, used 277966K [0x00000000a8e00000, 0x0000000100000000)
  region size 1024K, 163 young (166912K), 13 survivors (13312K)
 Metaspace       used 75332K, capacity 78420K, committed 79612K, reserved 1118208K
  class space    used 9282K, capacity 10525K, committed 11008K, reserved 1048576K
}
Event: 9592.661 GC heap after
{Heap after GC invocations=276 (full 0):
 garbage-first heap   total 343040K, used 119518K [0x00000000a8e00000, 0x0000000100000000)
  region size 1024K, 5 young (5120K), 5 survivors (5120K)
 Metaspace       used 75332K, capacity 78420K, committed 79612K, reserved 1118208K
  class space    used 9282K, capacity 10525K, committed 11008K, reserved 1048576K
}

